[ 2016-11-07T19:37:27+08:00 ] ::1 /qasystem/index.php/Home/search.php?livesearch=used&s=jisua
ERR: 无法加载模块:Jisua

[ 2016-11-07T19:37:28+08:00 ] ::1 /qasystem/index.php/Home/search.php?livesearch=used&s=jisuaniji
ERR: 无法加载模块:Jisuaniji

[ 2016-11-07T19:37:31+08:00 ] ::1 /qasystem/index.php/Home/search.php?livesearch=used&s=jisuan
ERR: 无法加载模块:Jisuan

[ 2016-11-07T19:37:31+08:00 ] ::1 /qasystem/index.php/Home/search.php?livesearch=used&s=jisua
ERR: 无法加载模块:Jisua

[ 2016-11-07T19:37:32+08:00 ] ::1 /qasystem/index.php/Home/search.php?livesearch=used&s=%E8%AE%A1%E7%AE%97
ERR: 无法加载模块:计算

[ 2016-11-07T19:37:32+08:00 ] ::1 /qasystem/index.php/Home/search.php?livesearch=used&s=%E8%AE%A1%E7%AE%97ji
ERR: 无法加载模块:计算ji

[ 2016-11-07T19:37:33+08:00 ] ::1 /qasystem/index.php/Home/search.php?livesearch=used&s=%E8%AE%A1%E7%AE%97%E5%87%A0
ERR: 无法加载模块:计算几

[ 2016-11-07T19:37:33+08:00 ] ::1 /qasystem/index.php/Home/search.php?livesearch=used&s=%E8%AE%A1%E7%AE%97
ERR: 无法加载模块:计算

[ 2016-11-07T19:37:34+08:00 ] ::1 /qasystem/index.php/Home/search.php?livesearch=used&s=%E8%AE%A1%E7%AE%97ji
ERR: 无法加载模块:计算ji

[ 2016-11-07T19:37:35+08:00 ] ::1 /qasystem/index.php/Home/search.php?livesearch=used&s=%E8%AE%A1%E7%AE%97%E6%9C%BA
ERR: 无法加载模块:计算机

[ 2016-11-07T19:37:37+08:00 ] ::1 /qasystem/index.php/Home/search.php?livesearch=used&s=%E8%AE%A1%E7%AE%97%E6%9C%BA
ERR: 无法加载模块:计算机

[ 2016-11-07T19:37:43+08:00 ] ::1 /qasystem/index.php/Home/search.php?livesearch=used&s=%E8%AE%A1%E7%AE%97%E6%9C%BA
ERR: 无法加载模块:计算机

[ 2016-11-07T19:38:09+08:00 ] ::1 /qasystem/index.php/Home/search.php?livesearch=used&s=%E8%AE%A1%E7%AE%97%E6%9C%BA
ERR: 无法加载模块:计算机

[ 2016-11-07T19:40:09+08:00 ] ::1 /qasystem/index.php/Home/search.php?livesearch=used&s=%E8%AE%A1%E7%AE%97%E6%9C%BA
ERR: 无法加载模块:计算机

[ 2016-11-07T20:07:18+08:00 ] ::1 /qasystem/index.php/Home/search.php?livesearch=used&s=456
ERR: 无法加载模块:456

[ 2016-11-07T20:15:46+08:00 ] ::1 /qasystem/index.php/Home/search.php?livesearch=used&s=12
ERR: 无法加载模块:12

[ 2016-11-07T20:16:12+08:00 ] ::1 /qasystem/index.php/Home/search.php?livesearch=used&s=123
ERR: 无法加载模块:123

[ 2016-11-07T20:51:33+08:00 ] ::1 /qasystem/index.php/Home/Index/search.php?livesearch=used&s=123
ERR: 无法加载模块:123

